-- Found ament_cmake: 1.1.5 (/opt/ros/galactic/share/ament_cmake/cmake)
-- Found PythonInterp: /usr/bin/python3 (found suitable version "3.8.10", minimum required is "3") 
-- Using PYTHON_EXECUTABLE: /usr/bin/python3
-- Found rclcpp: 9.2.1 (/opt/ros/galactic/share/rclcpp/cmake)
-- Using all available rosidl_typesupport_c: rosidl_typesupport_fastrtps_c;rosidl_typesupport_introspection_c
-- Found rosidl_adapter: 2.2.2 (/opt/ros/galactic/share/rosidl_adapter/cmake)
-- Using all available rosidl_typesupport_cpp: rosidl_typesupport_fastrtps_cpp;rosidl_typesupport_introspection_cpp
-- Found rmw_implementation_cmake: 3.3.1 (/opt/ros/galactic/share/rmw_implementation_cmake/cmake)
-- Found rmw_cyclonedds_cpp: 0.22.5 (/opt/ros/galactic/share/rmw_cyclonedds_cpp/cmake)
-- Using RMW implementation 'rmw_cyclonedds_cpp' as default
-- Found rclpy: 1.9.1 (/opt/ros/galactic/share/rclpy/cmake)
-- Found rosidl_default_generators: 1.1.1 (/opt/ros/galactic/share/rosidl_default_generators/cmake)
-- Found PythonInterp: /usr/bin/python3 (found version "3.8.10") 
CMake Error at /opt/ros/galactic/share/rosidl_adapter/cmake/rosidl_adapt_interfaces.cmake:60 (message):
  execute_process(/usr/bin/python3 -m rosidl_adapter --package-name
  robotiq_2f_gripper_control --arguments-file
  /home/user/reitz/ros2/robotiq_ros2_driver/robotiq/build/robotiq_2f_gripper_control/rosidl_adapter__arguments__robotiq_2f_gripper_control.json
  --output-dir
  /home/user/reitz/ros2/robotiq_ros2_driver/robotiq/build/robotiq_2f_gripper_control/rosidl_adapter/robotiq_2f_gripper_control
  --output-file
  /home/user/reitz/ros2/robotiq_ros2_driver/robotiq/build/robotiq_2f_gripper_control/rosidl_adapter/robotiq_2f_gripper_control.idls)
  returned error code 1:

  Traceback (most recent call last):

    File "/usr/lib/python3.8/runpy.py", line 194, in _run_module_as_main
      return _run_code(code, main_globals, None,
    File "/usr/lib/python3.8/runpy.py", line 87, in _run_code
      exec(code, run_globals)
    File "/opt/ros/galactic/lib/python3.8/site-packages/rosidl_adapter/__main__.py", line 19, in <module>
      sys.exit(main())
    File "/opt/ros/galactic/lib/python3.8/site-packages/rosidl_adapter/main.py", line 53, in main
      abs_idl_file = convert_to_idl(
    File "/opt/ros/galactic/lib/python3.8/site-packages/rosidl_adapter/__init__.py", line 19, in convert_to_idl
      return convert_msg_to_idl(
    File "/opt/ros/galactic/lib/python3.8/site-packages/rosidl_adapter/msg/__init__.py", line 28, in convert_msg_to_idl
      msg = parse_message_string(package_name, input_file.stem, content)
    File "/opt/ros/galactic/lib/python3.8/site-packages/rosidl_adapter/parser.py", line 540, in parse_message_string
      msg = MessageSpecification(pkg_name, msg_name, fields, constants)
    File "/opt/ros/galactic/lib/python3.8/site-packages/rosidl_adapter/parser.py", line 387, in __init__
      self.base_type = BaseType(
    File "/opt/ros/galactic/lib/python3.8/site-packages/rosidl_adapter/parser.py", line 204, in __init__
      raise InvalidResourceName(

  rosidl_adapter.parser.InvalidResourceName: 'Robotiq2FGripper_robot_input'
  is an invalid message name.  It should have the pattern
  '^[A-Z][A-Za-z0-9]*$'

Call Stack (most recent call first):
  /opt/ros/galactic/share/rosidl_cmake/cmake/rosidl_generate_interfaces.cmake:130 (rosidl_adapt_interfaces)
  CMakeLists.txt:27 (rosidl_generate_interfaces)


-- Configuring incomplete, errors occurred!
See also "/home/user/reitz/ros2/robotiq_ros2_driver/robotiq/build/robotiq_2f_gripper_control/CMakeFiles/CMakeOutput.log".
See also "/home/user/reitz/ros2/robotiq_ros2_driver/robotiq/build/robotiq_2f_gripper_control/CMakeFiles/CMakeError.log".
