[0.018s] Invoking command in '/home/user/reitz/ros2/robotiq_ros2_driver/robotiq/build/robotiq_2f_gripper_control': /usr/bin/cmake /home/user/reitz/ros2/robotiq_ros2_driver/robotiq/robotiq_2f_gripper_control -DCMAKE_INSTALL_PREFIX=/home/user/reitz/ros2/robotiq_ros2_driver/robotiq/install/robotiq_2f_gripper_control
[0.037s] -- Found ament_cmake: 1.1.5 (/opt/ros/galactic/share/ament_cmake/cmake)
[0.059s] -- Found PythonInterp: /usr/bin/python3 (found suitable version "3.8.10", minimum required is "3") 
[0.059s] -- Using PYTHON_EXECUTABLE: /usr/bin/python3
[0.123s] -- Found rclcpp: 9.2.1 (/opt/ros/galactic/share/rclcpp/cmake)
[0.165s] -- Using all available rosidl_typesupport_c: rosidl_typesupport_fastrtps_c;rosidl_typesupport_introspection_c
[0.168s] -- Found rosidl_adapter: 2.2.2 (/opt/ros/galactic/share/rosidl_adapter/cmake)
[0.302s] -- Using all available rosidl_typesupport_cpp: rosidl_typesupport_fastrtps_cpp;rosidl_typesupport_introspection_cpp
[0.352s] -- Found rmw_implementation_cmake: 3.3.1 (/opt/ros/galactic/share/rmw_implementation_cmake/cmake)
[0.355s] -- Found rmw_cyclonedds_cpp: 0.22.5 (/opt/ros/galactic/share/rmw_cyclonedds_cpp/cmake)
[0.372s] -- Using RMW implementation 'rmw_cyclonedds_cpp' as default
[0.498s] -- Found rclpy: 1.9.1 (/opt/ros/galactic/share/rclpy/cmake)
[0.498s] -- Found rosidl_default_generators: 1.1.1 (/opt/ros/galactic/share/rosidl_default_generators/cmake)
[0.533s] -- Found PythonInterp: /usr/bin/python3 (found version "3.8.10") 
[0.708s] CMake Error at /opt/ros/galactic/share/rosidl_adapter/cmake/rosidl_adapt_interfaces.cmake:60 (message):
[0.708s]   execute_process(/usr/bin/python3 -m rosidl_adapter --package-name
[0.708s]   robotiq_2f_gripper_control --arguments-file
[0.708s]   /home/user/reitz/ros2/robotiq_ros2_driver/robotiq/build/robotiq_2f_gripper_control/rosidl_adapter__arguments__robotiq_2f_gripper_control.json
[0.708s]   --output-dir
[0.708s]   /home/user/reitz/ros2/robotiq_ros2_driver/robotiq/build/robotiq_2f_gripper_control/rosidl_adapter/robotiq_2f_gripper_control
[0.708s]   --output-file
[0.708s]   /home/user/reitz/ros2/robotiq_ros2_driver/robotiq/build/robotiq_2f_gripper_control/rosidl_adapter/robotiq_2f_gripper_control.idls)
[0.708s]   returned error code 1:
[0.708s] 
[0.708s]   Traceback (most recent call last):
[0.708s] 
[0.708s]     File "/usr/lib/python3.8/runpy.py", line 194, in _run_module_as_main
[0.709s]       return _run_code(code, main_globals, None,
[0.709s]     File "/usr/lib/python3.8/runpy.py", line 87, in _run_code
[0.709s]       exec(code, run_globals)
[0.709s]     File "/opt/ros/galactic/lib/python3.8/site-packages/rosidl_adapter/__main__.py", line 19, in <module>
[0.709s]       sys.exit(main())
[0.709s]     File "/opt/ros/galactic/lib/python3.8/site-packages/rosidl_adapter/main.py", line 53, in main
[0.709s]       abs_idl_file = convert_to_idl(
[0.709s]     File "/opt/ros/galactic/lib/python3.8/site-packages/rosidl_adapter/__init__.py", line 19, in convert_to_idl
[0.709s]       return convert_msg_to_idl(
[0.709s]     File "/opt/ros/galactic/lib/python3.8/site-packages/rosidl_adapter/msg/__init__.py", line 28, in convert_msg_to_idl
[0.709s]       msg = parse_message_string(package_name, input_file.stem, content)
[0.709s]     File "/opt/ros/galactic/lib/python3.8/site-packages/rosidl_adapter/parser.py", line 540, in parse_message_string
[0.709s]       msg = MessageSpecification(pkg_name, msg_name, fields, constants)
[0.709s]     File "/opt/ros/galactic/lib/python3.8/site-packages/rosidl_adapter/parser.py", line 387, in __init__
[0.709s]       self.base_type = BaseType(
[0.709s]     File "/opt/ros/galactic/lib/python3.8/site-packages/rosidl_adapter/parser.py", line 204, in __init__
[0.710s]       raise InvalidResourceName(
[0.710s] 
[0.710s]   rosidl_adapter.parser.InvalidResourceName: 'Robotiq2FGripper_robot_input'
[0.710s]   is an invalid message name.  It should have the pattern
[0.710s]   '^[A-Z][A-Za-z0-9]*$'
[0.710s] 
[0.710s] Call Stack (most recent call first):
[0.710s]   /opt/ros/galactic/share/rosidl_cmake/cmake/rosidl_generate_interfaces.cmake:130 (rosidl_adapt_interfaces)
[0.710s]   CMakeLists.txt:27 (rosidl_generate_interfaces)
[0.710s] 
[0.710s] 
[0.710s] -- Configuring incomplete, errors occurred!
[0.710s] See also "/home/user/reitz/ros2/robotiq_ros2_driver/robotiq/build/robotiq_2f_gripper_control/CMakeFiles/CMakeOutput.log".
[0.710s] See also "/home/user/reitz/ros2/robotiq_ros2_driver/robotiq/build/robotiq_2f_gripper_control/CMakeFiles/CMakeError.log".
[0.717s] Invoked command in '/home/user/reitz/ros2/robotiq_ros2_driver/robotiq/build/robotiq_2f_gripper_control' returned '1': /usr/bin/cmake /home/user/reitz/ros2/robotiq_ros2_driver/robotiq/robotiq_2f_gripper_control -DCMAKE_INSTALL_PREFIX=/home/user/reitz/ros2/robotiq_ros2_driver/robotiq/install/robotiq_2f_gripper_control
