[0.156s] DEBUG:colcon:Command line arguments: ['/usr/bin/colcon', 'build', '--packages-select', 'robotiq_2f_gripper_control']
[0.156s] DEBUG:colcon:Parsed command line arguments: Namespace(allow_overriding=[], ament_cmake_args=None, base_paths=['.'], build_base='build', catkin_cmake_args=None, catkin_skip_building_tests=False, cmake_args=None, cmake_clean_cache=False, cmake_clean_first=False, cmake_force_configure=False, cmake_target=None, cmake_target_skip_unavailable=False, continue_on_error=False, event_handlers=None, executor='parallel', ignore_user_meta=False, install_base='install', log_base=None, log_level=None, main=<bound method BuildVerb.main of <colcon_core.verb.build.BuildVerb object at 0x7f4166422dc0>>, merge_install=False, metas=['./colcon.meta'], packages_above=None, packages_above_and_dependencies=None, packages_above_depth=None, packages_end=None, packages_ignore=None, packages_ignore_regex=None, packages_select=['robotiq_2f_gripper_control'], packages_select_build_failed=False, packages_select_by_dep=None, packages_select_regex=None, packages_select_test_failures=False, packages_skip=None, packages_skip_build_finished=False, packages_skip_by_dep=None, packages_skip_regex=None, packages_skip_test_passed=False, packages_skip_up_to=None, packages_start=None, packages_up_to=None, packages_up_to_regex=None, parallel_workers=8, paths=None, symlink_install=False, test_result_base=None, verb_extension=<colcon_core.verb.build.BuildVerb object at 0x7f4166422dc0>, verb_name='build', verb_parser=<colcon_defaults.argument_parser.defaults.DefaultArgumentsDecorator object at 0x7f4166427370>)
[0.178s] Level 1:colcon.colcon_core.package_discovery:discover_packages(colcon_meta) check parameters
[0.178s] Level 1:colcon.colcon_core.package_discovery:discover_packages(recursive) check parameters
[0.178s] Level 1:colcon.colcon_core.package_discovery:discover_packages(ignore) check parameters
[0.178s] Level 1:colcon.colcon_core.package_discovery:discover_packages(path) check parameters
[0.178s] Level 1:colcon.colcon_core.package_discovery:discover_packages(colcon_meta) discover
[0.178s] Level 1:colcon.colcon_core.package_discovery:discover_packages(recursive) discover
[0.178s] INFO:colcon.colcon_core.package_discovery:Crawling recursively for packages in '/home/user/reitz/ros2/robotiq_ros2_driver/robotiq'
[0.178s] Level 1:colcon.colcon_core.package_identification:_identify(.) by extensions ['ignore', 'ignore_ament_install']
[0.178s] Level 1:colcon.colcon_core.package_identification:_identify(.) by extension 'ignore'
[0.178s] Level 1:colcon.colcon_core.package_identification:_identify(.) by extension 'ignore_ament_install'
[0.178s] Level 1:colcon.colcon_core.package_identification:_identify(.) by extensions ['colcon_pkg']
[0.178s] Level 1:colcon.colcon_core.package_identification:_identify(.) by extension 'colcon_pkg'
[0.179s] Level 1:colcon.colcon_core.package_identification:_identify(.) by extensions ['colcon_meta']
[0.179s] Level 1:colcon.colcon_core.package_identification:_identify(.) by extension 'colcon_meta'
[0.179s] Level 1:colcon.colcon_core.package_identification:_identify(.) by extensions ['ros']
[0.179s] Level 1:colcon.colcon_core.package_identification:_identify(.) by extension 'ros'
[0.188s] Level 1:colcon.colcon_core.package_identification:_identify(.) by extensions ['cmake', 'python']
[0.188s] Level 1:colcon.colcon_core.package_identification:_identify(.) by extension 'cmake'
[0.188s] Level 1:colcon.colcon_core.package_identification:_identify(.) by extension 'python'
[0.188s] Level 1:colcon.colcon_core.package_identification:_identify(.) by extensions ['python_setup_py']
[0.188s] Level 1:colcon.colcon_core.package_identification:_identify(.) by extension 'python_setup_py'
[0.188s] Level 1:colcon.colcon_core.package_identification:_identify(build) by extensions ['ignore', 'ignore_ament_install']
[0.188s] Level 1:colcon.colcon_core.package_identification:_identify(build) by extension 'ignore'
[0.188s] Level 1:colcon.colcon_core.package_identification:_identify(build) ignored
[0.188s] Level 1:colcon.colcon_core.package_identification:_identify(install) by extensions ['ignore', 'ignore_ament_install']
[0.188s] Level 1:colcon.colcon_core.package_identification:_identify(install) by extension 'ignore'
[0.188s] Level 1:colcon.colcon_core.package_identification:_identify(install) ignored
[0.188s] Level 1:colcon.colcon_core.package_identification:_identify(log) by extensions ['ignore', 'ignore_ament_install']
[0.189s] Level 1:colcon.colcon_core.package_identification:_identify(log) by extension 'ignore'
[0.189s] Level 1:colcon.colcon_core.package_identification:_identify(log) ignored
[0.189s] Level 1:colcon.colcon_core.package_identification:_identify(robotiq) by extensions ['ignore', 'ignore_ament_install']
[0.189s] Level 1:colcon.colcon_core.package_identification:_identify(robotiq) by extension 'ignore'
[0.189s] Level 1:colcon.colcon_core.package_identification:_identify(robotiq) by extension 'ignore_ament_install'
[0.189s] Level 1:colcon.colcon_core.package_identification:_identify(robotiq) by extensions ['colcon_pkg']
[0.189s] Level 1:colcon.colcon_core.package_identification:_identify(robotiq) by extension 'colcon_pkg'
[0.189s] Level 1:colcon.colcon_core.package_identification:_identify(robotiq) by extensions ['colcon_meta']
[0.189s] Level 1:colcon.colcon_core.package_identification:_identify(robotiq) by extension 'colcon_meta'
[0.189s] Level 1:colcon.colcon_core.package_identification:_identify(robotiq) by extensions ['ros']
[0.189s] Level 1:colcon.colcon_core.package_identification:_identify(robotiq) by extension 'ros'
[0.191s] DEBUG:colcon.colcon_core.package_identification:Package 'robotiq' with type 'ros.catkin' and name 'robotiq'
[0.191s] Level 1:colcon.colcon_core.package_identification:_identify(robotiq_2f_85_gripper_visualization) by extensions ['ignore', 'ignore_ament_install']
[0.191s] Level 1:colcon.colcon_core.package_identification:_identify(robotiq_2f_85_gripper_visualization) by extension 'ignore'
[0.191s] Level 1:colcon.colcon_core.package_identification:_identify(robotiq_2f_85_gripper_visualization) by extension 'ignore_ament_install'
[0.191s] Level 1:colcon.colcon_core.package_identification:_identify(robotiq_2f_85_gripper_visualization) by extensions ['colcon_pkg']
[0.191s] Level 1:colcon.colcon_core.package_identification:_identify(robotiq_2f_85_gripper_visualization) by extension 'colcon_pkg'
[0.191s] Level 1:colcon.colcon_core.package_identification:_identify(robotiq_2f_85_gripper_visualization) by extensions ['colcon_meta']
[0.191s] Level 1:colcon.colcon_core.package_identification:_identify(robotiq_2f_85_gripper_visualization) by extension 'colcon_meta'
[0.191s] Level 1:colcon.colcon_core.package_identification:_identify(robotiq_2f_85_gripper_visualization) by extensions ['ros']
[0.191s] Level 1:colcon.colcon_core.package_identification:_identify(robotiq_2f_85_gripper_visualization) by extension 'ros'
[0.192s] DEBUG:colcon.colcon_core.package_identification:Package 'robotiq_2f_85_gripper_visualization' with type 'ros.catkin' and name 'robotiq_2f_85_gripper_visualization'
[0.192s] Level 1:colcon.colcon_core.package_identification:_identify(robotiq_2f_gripper_action_server) by extensions ['ignore', 'ignore_ament_install']
[0.192s] Level 1:colcon.colcon_core.package_identification:_identify(robotiq_2f_gripper_action_server) by extension 'ignore'
[0.192s] Level 1:colcon.colcon_core.package_identification:_identify(robotiq_2f_gripper_action_server) by extension 'ignore_ament_install'
[0.192s] Level 1:colcon.colcon_core.package_identification:_identify(robotiq_2f_gripper_action_server) by extensions ['colcon_pkg']
[0.192s] Level 1:colcon.colcon_core.package_identification:_identify(robotiq_2f_gripper_action_server) by extension 'colcon_pkg'
[0.192s] Level 1:colcon.colcon_core.package_identification:_identify(robotiq_2f_gripper_action_server) by extensions ['colcon_meta']
[0.192s] Level 1:colcon.colcon_core.package_identification:_identify(robotiq_2f_gripper_action_server) by extension 'colcon_meta'
[0.192s] Level 1:colcon.colcon_core.package_identification:_identify(robotiq_2f_gripper_action_server) by extensions ['ros']
[0.192s] Level 1:colcon.colcon_core.package_identification:_identify(robotiq_2f_gripper_action_server) by extension 'ros'
[0.194s] DEBUG:colcon.colcon_core.package_identification:Package 'robotiq_2f_gripper_action_server' with type 'ros.catkin' and name 'robotiq_2f_gripper_action_server'
[0.194s] Level 1:colcon.colcon_core.package_identification:_identify(robotiq_2f_gripper_control) by extensions ['ignore', 'ignore_ament_install']
[0.194s] Level 1:colcon.colcon_core.package_identification:_identify(robotiq_2f_gripper_control) by extension 'ignore'
[0.194s] Level 1:colcon.colcon_core.package_identification:_identify(robotiq_2f_gripper_control) by extension 'ignore_ament_install'
[0.194s] Level 1:colcon.colcon_core.package_identification:_identify(robotiq_2f_gripper_control) by extensions ['colcon_pkg']
[0.194s] Level 1:colcon.colcon_core.package_identification:_identify(robotiq_2f_gripper_control) by extension 'colcon_pkg'
[0.194s] Level 1:colcon.colcon_core.package_identification:_identify(robotiq_2f_gripper_control) by extensions ['colcon_meta']
[0.194s] Level 1:colcon.colcon_core.package_identification:_identify(robotiq_2f_gripper_control) by extension 'colcon_meta'
[0.194s] Level 1:colcon.colcon_core.package_identification:_identify(robotiq_2f_gripper_control) by extensions ['ros']
[0.194s] Level 1:colcon.colcon_core.package_identification:_identify(robotiq_2f_gripper_control) by extension 'ros'
[0.195s] DEBUG:colcon.colcon_core.package_identification:Failed to parse potential ROS package manifest in'robotiq_2f_gripper_control': Error(s) in package 'robotiq_2f_gripper_control/package.xml':
Error(s):
- The manifest of package "robotiq_2f_gripper_control" (with format version 2) must not contain the following tags: member_of_group
[0.195s] Level 1:colcon.colcon_core.package_identification:_identify(robotiq_2f_gripper_control) by extensions ['cmake', 'python']
[0.195s] Level 1:colcon.colcon_core.package_identification:_identify(robotiq_2f_gripper_control) by extension 'cmake'
[0.196s] Level 1:colcon.colcon_core.package_identification:_identify(robotiq_2f_gripper_control) by extension 'python'
[0.196s] DEBUG:colcon.colcon_core.package_identification:Package 'robotiq_2f_gripper_control' with type 'cmake' and name 'robotiq_2f_gripper_control'
[0.196s] Level 1:colcon.colcon_core.package_identification:_identify(robotiq_ethercat) by extensions ['ignore', 'ignore_ament_install']
[0.196s] Level 1:colcon.colcon_core.package_identification:_identify(robotiq_ethercat) by extension 'ignore'
[0.196s] Level 1:colcon.colcon_core.package_identification:_identify(robotiq_ethercat) by extension 'ignore_ament_install'
[0.196s] Level 1:colcon.colcon_core.package_identification:_identify(robotiq_ethercat) by extensions ['colcon_pkg']
[0.196s] Level 1:colcon.colcon_core.package_identification:_identify(robotiq_ethercat) by extension 'colcon_pkg'
[0.196s] Level 1:colcon.colcon_core.package_identification:_identify(robotiq_ethercat) by extensions ['colcon_meta']
[0.196s] Level 1:colcon.colcon_core.package_identification:_identify(robotiq_ethercat) by extension 'colcon_meta'
[0.196s] Level 1:colcon.colcon_core.package_identification:_identify(robotiq_ethercat) by extensions ['ros']
[0.197s] Level 1:colcon.colcon_core.package_identification:_identify(robotiq_ethercat) by extension 'ros'
[0.197s] DEBUG:colcon.colcon_core.package_identification:Package 'robotiq_ethercat' with type 'ros.catkin' and name 'robotiq_ethercat'
[0.197s] Level 1:colcon.colcon_core.package_identification:_identify(robotiq_ft_sensor) by extensions ['ignore', 'ignore_ament_install']
[0.197s] Level 1:colcon.colcon_core.package_identification:_identify(robotiq_ft_sensor) by extension 'ignore'
[0.197s] Level 1:colcon.colcon_core.package_identification:_identify(robotiq_ft_sensor) by extension 'ignore_ament_install'
[0.197s] Level 1:colcon.colcon_core.package_identification:_identify(robotiq_ft_sensor) by extensions ['colcon_pkg']
[0.197s] Level 1:colcon.colcon_core.package_identification:_identify(robotiq_ft_sensor) by extension 'colcon_pkg'
[0.197s] Level 1:colcon.colcon_core.package_identification:_identify(robotiq_ft_sensor) by extensions ['colcon_meta']
[0.197s] Level 1:colcon.colcon_core.package_identification:_identify(robotiq_ft_sensor) by extension 'colcon_meta'
[0.197s] Level 1:colcon.colcon_core.package_identification:_identify(robotiq_ft_sensor) by extensions ['ros']
[0.197s] Level 1:colcon.colcon_core.package_identification:_identify(robotiq_ft_sensor) by extension 'ros'
[0.198s] DEBUG:colcon.colcon_core.package_identification:Package 'robotiq_ft_sensor' with type 'ros.catkin' and name 'robotiq_ft_sensor'
[0.198s] Level 1:colcon.colcon_core.package_identification:_identify(robotiq_modbus_rtu) by extensions ['ignore', 'ignore_ament_install']
[0.198s] Level 1:colcon.colcon_core.package_identification:_identify(robotiq_modbus_rtu) by extension 'ignore'
[0.198s] Level 1:colcon.colcon_core.package_identification:_identify(robotiq_modbus_rtu) by extension 'ignore_ament_install'
[0.198s] Level 1:colcon.colcon_core.package_identification:_identify(robotiq_modbus_rtu) by extensions ['colcon_pkg']
[0.198s] Level 1:colcon.colcon_core.package_identification:_identify(robotiq_modbus_rtu) by extension 'colcon_pkg'
[0.198s] Level 1:colcon.colcon_core.package_identification:_identify(robotiq_modbus_rtu) by extensions ['colcon_meta']
[0.198s] Level 1:colcon.colcon_core.package_identification:_identify(robotiq_modbus_rtu) by extension 'colcon_meta'
[0.198s] Level 1:colcon.colcon_core.package_identification:_identify(robotiq_modbus_rtu) by extensions ['ros']
[0.198s] Level 1:colcon.colcon_core.package_identification:_identify(robotiq_modbus_rtu) by extension 'ros'
[0.207s] DEBUG:colcon.colcon_core.package_identification:Package 'robotiq_modbus_rtu' with type 'ros.ament_cmake' and name 'robotiq_modbus_rtu'
[0.208s] Level 1:colcon.colcon_core.package_identification:_identify(robotiq_modbus_tcp) by extensions ['ignore', 'ignore_ament_install']
[0.208s] Level 1:colcon.colcon_core.package_identification:_identify(robotiq_modbus_tcp) by extension 'ignore'
[0.208s] Level 1:colcon.colcon_core.package_identification:_identify(robotiq_modbus_tcp) by extension 'ignore_ament_install'
[0.208s] Level 1:colcon.colcon_core.package_identification:_identify(robotiq_modbus_tcp) by extensions ['colcon_pkg']
[0.208s] Level 1:colcon.colcon_core.package_identification:_identify(robotiq_modbus_tcp) by extension 'colcon_pkg'
[0.208s] Level 1:colcon.colcon_core.package_identification:_identify(robotiq_modbus_tcp) by extensions ['colcon_meta']
[0.208s] Level 1:colcon.colcon_core.package_identification:_identify(robotiq_modbus_tcp) by extension 'colcon_meta'
[0.208s] Level 1:colcon.colcon_core.package_identification:_identify(robotiq_modbus_tcp) by extensions ['ros']
[0.208s] Level 1:colcon.colcon_core.package_identification:_identify(robotiq_modbus_tcp) by extension 'ros'
[0.208s] DEBUG:colcon.colcon_core.package_identification:Package 'robotiq_modbus_tcp' with type 'ros.catkin' and name 'robotiq_modbus_tcp'
[0.208s] Level 1:colcon.colcon_core.package_discovery:discover_packages(recursive) using defaults
[0.208s] Level 1:colcon.colcon_core.package_discovery:discover_packages(ignore) discover
[0.209s] Level 1:colcon.colcon_core.package_discovery:discover_packages(ignore) using defaults
[0.209s] Level 1:colcon.colcon_core.package_discovery:discover_packages(path) discover
[0.209s] Level 1:colcon.colcon_core.package_discovery:discover_packages(path) using defaults
[0.226s] INFO:colcon.colcon_core.package_selection:Skipping not selected package 'robotiq_2f_85_gripper_visualization' in 'robotiq_2f_85_gripper_visualization'
[0.226s] INFO:colcon.colcon_core.package_selection:Skipping not selected package 'robotiq_ethercat' in 'robotiq_ethercat'
[0.226s] INFO:colcon.colcon_core.package_selection:Skipping not selected package 'robotiq_ft_sensor' in 'robotiq_ft_sensor'
[0.226s] INFO:colcon.colcon_core.package_selection:Skipping not selected package 'robotiq_modbus_rtu' in 'robotiq_modbus_rtu'
[0.226s] INFO:colcon.colcon_core.package_selection:Skipping not selected package 'robotiq_modbus_tcp' in 'robotiq_modbus_tcp'
[0.226s] INFO:colcon.colcon_core.package_selection:Skipping not selected package 'robotiq' in 'robotiq'
[0.226s] INFO:colcon.colcon_core.package_selection:Skipping not selected package 'robotiq_2f_gripper_action_server' in 'robotiq_2f_gripper_action_server'
[0.227s] Level 1:colcon.colcon_core.package_discovery:discover_packages(prefix_path) check parameters
[0.227s] Level 1:colcon.colcon_core.package_discovery:discover_packages(prefix_path) discover
[0.232s] DEBUG:colcon.colcon_installed_package_information.package_discovery:Found 8 installed packages in /home/user/reitz/ur_driver_ws/install
[0.233s] DEBUG:colcon.colcon_installed_package_information.package_discovery:Found 6 installed packages in /home/user/reitz/workspace_ur_moveit/install
[0.234s] DEBUG:colcon.colcon_installed_package_information.package_discovery:Found 3 installed packages in /home/hrl/ros2/realsense_driver_ws/install
[0.235s] DEBUG:colcon.colcon_installed_package_information.package_discovery:Found 2 installed packages in /home/hrl/ros2/ignition_driver_ws/install
[0.236s] DEBUG:colcon.colcon_installed_package_information.package_discovery:Found 8 installed packages in /home/hrl/ros2/ur_driver_ws/install
[0.239s] DEBUG:colcon.colcon_installed_package_information.package_discovery:Found 363 installed packages in /opt/ros/galactic
[0.241s] Level 1:colcon.colcon_core.package_discovery:discover_packages(prefix_path) using defaults
[0.328s] Level 5:colcon.colcon_core.verb:set package 'robotiq_2f_gripper_control' build argument 'cmake_args' from command line to 'None'
[0.329s] Level 5:colcon.colcon_core.verb:set package 'robotiq_2f_gripper_control' build argument 'cmake_target' from command line to 'None'
[0.329s] Level 5:colcon.colcon_core.verb:set package 'robotiq_2f_gripper_control' build argument 'cmake_target_skip_unavailable' from command line to 'False'
[0.329s] Level 5:colcon.colcon_core.verb:set package 'robotiq_2f_gripper_control' build argument 'cmake_clean_cache' from command line to 'False'
[0.329s] Level 5:colcon.colcon_core.verb:set package 'robotiq_2f_gripper_control' build argument 'cmake_clean_first' from command line to 'False'
[0.329s] Level 5:colcon.colcon_core.verb:set package 'robotiq_2f_gripper_control' build argument 'cmake_force_configure' from command line to 'False'
[0.329s] Level 5:colcon.colcon_core.verb:set package 'robotiq_2f_gripper_control' build argument 'ament_cmake_args' from command line to 'None'
[0.329s] Level 5:colcon.colcon_core.verb:set package 'robotiq_2f_gripper_control' build argument 'catkin_cmake_args' from command line to 'None'
[0.329s] Level 5:colcon.colcon_core.verb:set package 'robotiq_2f_gripper_control' build argument 'catkin_skip_building_tests' from command line to 'False'
[0.329s] DEBUG:colcon.colcon_core.verb:Building package 'robotiq_2f_gripper_control' with the following arguments: {'ament_cmake_args': None, 'build_base': '/home/user/reitz/ros2/robotiq_ros2_driver/robotiq/build/robotiq_2f_gripper_control', 'catkin_cmake_args': None, 'catkin_skip_building_tests': False, 'cmake_args': None, 'cmake_clean_cache': False, 'cmake_clean_first': False, 'cmake_force_configure': False, 'cmake_target': None, 'cmake_target_skip_unavailable': False, 'install_base': '/home/user/reitz/ros2/robotiq_ros2_driver/robotiq/install/robotiq_2f_gripper_control', 'merge_install': False, 'path': '/home/user/reitz/ros2/robotiq_ros2_driver/robotiq/robotiq_2f_gripper_control', 'symlink_install': False, 'test_result_base': None}
[0.329s] INFO:colcon.colcon_core.executor:Executing jobs using 'parallel' executor
[0.333s] DEBUG:colcon.colcon_parallel_executor.executor.parallel:run_until_complete
[0.333s] INFO:colcon.colcon_cmake.task.cmake.build:Building CMake package in '/home/user/reitz/ros2/robotiq_ros2_driver/robotiq/robotiq_2f_gripper_control'
[0.337s] INFO:colcon.colcon_core.plugin_system:Skipping extension 'colcon_core.shell.bat': Not used on non-Windows systems
[0.338s] INFO:colcon.colcon_core.shell:Skip shell extension 'powershell' for command environment: Not usable outside of PowerShell
[0.338s] DEBUG:colcon.colcon_core.shell:Skip shell extension 'dsv' for command environment
[0.352s] DEBUG:colcon.colcon_core.event_handler.log_command:Invoking command in '/home/user/reitz/ros2/robotiq_ros2_driver/robotiq/build/robotiq_2f_gripper_control': /usr/bin/cmake /home/user/reitz/ros2/robotiq_ros2_driver/robotiq/robotiq_2f_gripper_control -DCMAKE_INSTALL_PREFIX=/home/user/reitz/ros2/robotiq_ros2_driver/robotiq/install/robotiq_2f_gripper_control
[1.052s] DEBUG:colcon.colcon_core.event_handler.log_command:Invoked command in '/home/user/reitz/ros2/robotiq_ros2_driver/robotiq/build/robotiq_2f_gripper_control' returned '1': /usr/bin/cmake /home/user/reitz/ros2/robotiq_ros2_driver/robotiq/robotiq_2f_gripper_control -DCMAKE_INSTALL_PREFIX=/home/user/reitz/ros2/robotiq_ros2_driver/robotiq/install/robotiq_2f_gripper_control
[1.063s] DEBUG:colcon.colcon_parallel_executor.executor.parallel:closing loop
[1.063s] DEBUG:colcon.colcon_parallel_executor.executor.parallel:loop closed
[1.063s] DEBUG:colcon.colcon_parallel_executor.executor.parallel:run_until_complete finished with '1'
[1.064s] DEBUG:colcon.colcon_core.event_reactor:joining thread
[1.075s] INFO:colcon.colcon_core.plugin_system:Skipping extension 'colcon_notification.desktop_notification.terminal_notifier': Not used on non-Darwin systems
[1.075s] INFO:colcon.colcon_core.plugin_system:Skipping extension 'colcon_notification.desktop_notification.win32': Not used on non-Windows systems
[1.075s] INFO:colcon.colcon_notification.desktop_notification:Sending desktop notification using 'notify2'
[1.092s] DEBUG:colcon.colcon_core.event_reactor:joined thread
[1.095s] INFO:colcon.colcon_core.shell:Creating prefix script '/home/user/reitz/ros2/robotiq_ros2_driver/robotiq/install/local_setup.ps1'
[1.097s] INFO:colcon.colcon_core.shell:Creating prefix util module '/home/user/reitz/ros2/robotiq_ros2_driver/robotiq/install/_local_setup_util_ps1.py'
[1.099s] INFO:colcon.colcon_core.shell:Creating prefix chain script '/home/user/reitz/ros2/robotiq_ros2_driver/robotiq/install/setup.ps1'
[1.101s] INFO:colcon.colcon_core.shell:Creating prefix script '/home/user/reitz/ros2/robotiq_ros2_driver/robotiq/install/local_setup.sh'
[1.102s] INFO:colcon.colcon_core.shell:Creating prefix util module '/home/user/reitz/ros2/robotiq_ros2_driver/robotiq/install/_local_setup_util_sh.py'
[1.102s] INFO:colcon.colcon_core.shell:Creating prefix chain script '/home/user/reitz/ros2/robotiq_ros2_driver/robotiq/install/setup.sh'
[1.105s] INFO:colcon.colcon_core.shell:Creating prefix script '/home/user/reitz/ros2/robotiq_ros2_driver/robotiq/install/local_setup.bash'
[1.105s] INFO:colcon.colcon_core.shell:Creating prefix chain script '/home/user/reitz/ros2/robotiq_ros2_driver/robotiq/install/setup.bash'
[1.109s] INFO:colcon.colcon_core.shell:Creating prefix script '/home/user/reitz/ros2/robotiq_ros2_driver/robotiq/install/local_setup.zsh'
[1.109s] INFO:colcon.colcon_core.shell:Creating prefix chain script '/home/user/reitz/ros2/robotiq_ros2_driver/robotiq/install/setup.zsh'
