[0.017s] Invoking command in '/home/user/reitz/ros2/robotiq_ros2_driver/robotiq/build/robotiq_2f_gripper_control': /usr/bin/cmake /home/user/reitz/ros2/robotiq_ros2_driver/robotiq/robotiq_2f_gripper_control -DCMAKE_INSTALL_PREFIX=/home/user/reitz/ros2/robotiq_ros2_driver/robotiq/install/robotiq_2f_gripper_control
[0.083s] -- The C compiler identification is GNU 9.4.0
[0.143s] -- The CXX compiler identification is GNU 9.4.0
[0.149s] -- Check for working C compiler: /usr/bin/cc
[0.233s] -- Check for working C compiler: /usr/bin/cc -- works
[0.234s] -- Detecting C compiler ABI info
[0.321s] -- Detecting C compiler ABI info - done
[0.333s] -- Detecting C compile features
[0.333s] -- Detecting C compile features - done
[0.336s] -- Check for working CXX compiler: /usr/bin/c++
[0.426s] -- Check for working CXX compiler: /usr/bin/c++ -- works
[0.427s] -- Detecting CXX compiler ABI info
[0.520s] -- Detecting CXX compiler ABI info - done
[0.533s] -- Detecting CXX compile features
[0.533s] -- Detecting CXX compile features - done
[0.537s] -- Found ament_cmake: 1.1.5 (/opt/ros/galactic/share/ament_cmake/cmake)
[0.568s] -- Found PythonInterp: /usr/bin/python3 (found suitable version "3.8.10", minimum required is "3") 
[0.568s] -- Using PYTHON_EXECUTABLE: /usr/bin/python3
[0.669s] -- Found rclcpp: 9.2.1 (/opt/ros/galactic/share/rclcpp/cmake)
[0.753s] -- Using all available rosidl_typesupport_c: rosidl_typesupport_fastrtps_c;rosidl_typesupport_introspection_c
[0.764s] -- Found rosidl_adapter: 2.2.2 (/opt/ros/galactic/share/rosidl_adapter/cmake)
[0.888s] -- Found OpenSSL: /usr/lib/x86_64-linux-gnu/libcrypto.so (found version "1.1.1f")  
[0.926s] -- Found FastRTPS: /opt/ros/galactic/include  
[1.023s] -- Using all available rosidl_typesupport_cpp: rosidl_typesupport_fastrtps_cpp;rosidl_typesupport_introspection_cpp
[1.115s] -- Found rmw_implementation_cmake: 3.3.1 (/opt/ros/galactic/share/rmw_implementation_cmake/cmake)
[1.121s] -- Found rmw_cyclonedds_cpp: 0.22.5 (/opt/ros/galactic/share/rmw_cyclonedds_cpp/cmake)
[1.148s] -- Using RMW implementation 'rmw_cyclonedds_cpp' as default
[1.148s] -- Looking for pthread.h
[1.230s] -- Looking for pthread.h - found
[1.230s] -- Performing Test CMAKE_HAVE_LIBC_PTHREAD
[1.320s] -- Performing Test CMAKE_HAVE_LIBC_PTHREAD - Failed
[1.320s] -- Looking for pthread_create in pthreads
[1.386s] -- Looking for pthread_create in pthreads - not found
[1.386s] -- Looking for pthread_create in pthread
[1.469s] -- Looking for pthread_create in pthread - found
[1.470s] -- Found Threads: TRUE  
[1.634s] -- Found rclpy: 1.9.1 (/opt/ros/galactic/share/rclpy/cmake)
[1.637s] -- Found rosidl_default_generators: 1.1.1 (/opt/ros/galactic/share/rosidl_default_generators/cmake)
[1.679s] -- Found PythonInterp: /usr/bin/python3 (found version "3.8.10") 
[1.850s] CMake Error at /opt/ros/galactic/share/rosidl_adapter/cmake/rosidl_adapt_interfaces.cmake:60 (message):
[1.850s]   execute_process(/usr/bin/python3 -m rosidl_adapter --package-name
[1.850s]   robotiq_2f_gripper_control --arguments-file
[1.850s]   /home/user/reitz/ros2/robotiq_ros2_driver/robotiq/build/robotiq_2f_gripper_control/rosidl_adapter__arguments__robotiq_2f_gripper_control.json
[1.850s]   --output-dir
[1.850s]   /home/user/reitz/ros2/robotiq_ros2_driver/robotiq/build/robotiq_2f_gripper_control/rosidl_adapter/robotiq_2f_gripper_control
[1.851s]   --output-file
[1.851s]   /home/user/reitz/ros2/robotiq_ros2_driver/robotiq/build/robotiq_2f_gripper_control/rosidl_adapter/robotiq_2f_gripper_control.idls)
[1.851s]   returned error code 1:
[1.851s] 
[1.851s]   Error processing 'uint8 gACT' of
[1.851s]   'robotiq_2f_gripper_control/Robotiq2FGripper_robot_input': ''gACT' is an
[1.851s]   invalid field name.  It should have the pattern
[1.851s]   '^(?!.*__)(?!.*_$)[a-z][a-z0-9_]*$''
[1.851s] 
[1.851s]   Traceback (most recent call last):
[1.851s] 
[1.851s]     File "/usr/lib/python3.8/runpy.py", line 194, in _run_module_as_main
[1.851s]       return _run_code(code, main_globals, None,
[1.851s]     File "/usr/lib/python3.8/runpy.py", line 87, in _run_code
[1.851s]       exec(code, run_globals)
[1.851s]     File "/opt/ros/galactic/lib/python3.8/site-packages/rosidl_adapter/__main__.py", line 19, in <module>
[1.851s]       sys.exit(main())
[1.851s]     File "/opt/ros/galactic/lib/python3.8/site-packages/rosidl_adapter/main.py", line 53, in main
[1.852s]       abs_idl_file = convert_to_idl(
[1.852s]     File "/opt/ros/galactic/lib/python3.8/site-packages/rosidl_adapter/__init__.py", line 19, in convert_to_idl
[1.852s]       return convert_msg_to_idl(
[1.852s]     File "/opt/ros/galactic/lib/python3.8/site-packages/rosidl_adapter/msg/__init__.py", line 28, in convert_msg_to_idl
[1.852s]       msg = parse_message_string(package_name, input_file.stem, content)
[1.852s]     File "/opt/ros/galactic/lib/python3.8/site-packages/rosidl_adapter/parser.py", line 515, in parse_message_string
[1.852s]       fields.append(Field(
[1.852s]     File "/opt/ros/galactic/lib/python3.8/site-packages/rosidl_adapter/parser.py", line 353, in __init__
[1.852s]       raise NameError(
[1.852s] 
[1.852s]   NameError: 'gACT' is an invalid field name.  It should have the pattern
[1.852s]   '^(?!.*__)(?!.*_$)[a-z][a-z0-9_]*$'
[1.852s] 
[1.852s] Call Stack (most recent call first):
[1.852s]   /opt/ros/galactic/share/rosidl_cmake/cmake/rosidl_generate_interfaces.cmake:130 (rosidl_adapt_interfaces)
[1.853s]   CMakeLists.txt:27 (rosidl_generate_interfaces)
[1.853s] 
[1.853s] 
[1.853s] -- Configuring incomplete, errors occurred!
[1.853s] See also "/home/user/reitz/ros2/robotiq_ros2_driver/robotiq/build/robotiq_2f_gripper_control/CMakeFiles/CMakeOutput.log".
[1.853s] See also "/home/user/reitz/ros2/robotiq_ros2_driver/robotiq/build/robotiq_2f_gripper_control/CMakeFiles/CMakeError.log".
[1.862s] Invoked command in '/home/user/reitz/ros2/robotiq_ros2_driver/robotiq/build/robotiq_2f_gripper_control' returned '1': /usr/bin/cmake /home/user/reitz/ros2/robotiq_ros2_driver/robotiq/robotiq_2f_gripper_control -DCMAKE_INSTALL_PREFIX=/home/user/reitz/ros2/robotiq_ros2_driver/robotiq/install/robotiq_2f_gripper_control
